

Microchip MPLAB XC8 Assembler V2.31 build 20201012212115 
                                                                                               Mon Mar 08 14:40:52 2021

Microchip MPLAB XC8 C Compiler v2.31 (Free license) build 20201012212115 Og1 
     1                           	processor	16F887
     2                           	pagewidth 120
     3                           	opt	flic
     4                           	psect	idataCOMMON,global,class=CODE,delta=2,noexec
     5                           	psect	cinit,global,class=CODE,merge=1,delta=2
     6                           	psect	bssCOMMON,global,class=COMMON,space=1,delta=1,noexec
     7                           	psect	dataCOMMON,global,class=COMMON,space=1,delta=1,noexec
     8                           	psect	bssBANK0,global,class=BANK0,space=1,delta=1,noexec
     9                           	psect	cstackCOMMON,global,class=COMMON,space=1,delta=1,noexec
    10                           	psect	cstackBANK0,global,class=BANK0,space=1,delta=1,noexec
    11                           	psect	maintext,global,class=CODE,split=1,delta=2
    12                           	psect	text1,local,class=CODE,merge=1,delta=2
    13                           	psect	text2,local,class=CODE,merge=1,delta=2
    14                           	psect	text3,local,class=CODE,merge=1,delta=2
    15                           	psect	text4,local,class=CODE,merge=1,delta=2,group=1
    16                           	psect	text5,local,class=CODE,merge=1,delta=2
    17                           	psect	text6,local,class=CODE,merge=1,delta=2
    18                           	psect	text7,local,class=CODE,merge=1,delta=2
    19                           	psect	text8,local,class=CODE,merge=1,delta=2
    20                           	psect	text9,local,class=CODE,merge=1,delta=2
    21                           	psect	text10,local,class=CODE,merge=1,delta=2
    22                           	psect	intentry,global,class=CODE,delta=2
    23                           	psect	config,global,abs,ovrld,class=CONFIG,space=4,delta=2,noexec
    24                           	dabs	1,0x7E,2
    25  0000                     
    26                           ; Version 2.20
    27                           ; Generated 12/02/2020 GMT
    28                           ; 
    29                           ; Copyright © 2020, Microchip Technology Inc. and its subsidiaries ("Microchip")
    30                           ; All rights reserved.
    31                           ; 
    32                           ; This software is developed by Microchip Technology Inc. and its subsidiaries ("Microch
      +                          ip").
    33                           ; 
    34                           ; Redistribution and use in source and binary forms, with or without modification, are
    35                           ; permitted provided that the following conditions are met:
    36                           ; 
    37                           ;     1. Redistributions of source code must retain the above copyright notice, this lis
      +                          t of
    38                           ;        conditions and the following disclaimer.
    39                           ; 
    40                           ;     2. Redistributions in binary form must reproduce the above copyright notice, this 
      +                          list
    41                           ;        of conditions and the following disclaimer in the documentation and/or other
    42                           ;        materials provided with the distribution.
    43                           ; 
    44                           ;     3. Microchip's name may not be used to endorse or promote products derived from th
      +                          is
    45                           ;        software without specific prior written permission.
    46                           ; 
    47                           ; THIS SOFTWARE IS PROVIDED BY MICROCHIP "AS IS" AND ANY EXPRESS OR IMPLIED WARRANTIES,
    48                           ; INCLUDING, BUT NOT LIMITED TO, THE IMPLIED WARRANTIES OF MERCHANTABILITY AND FITNESS F
      +                          OR
    49                           ; PURPOSE ARE DISCLAIMED.  IN NO EVENT SHALL MICROCHIP BE LIABLE FOR ANY DIRECT, INDIREC
      +                          T,
    50                           ; INCIDENTAL, SPECIAL, EXEMPLARY, OR CONSEQUENTIAL DAMAGES (INCLUDING BUT NOT LIMITED TO
    51                           ; PROCUREMENT OF SUBSTITUTE GOODS OR SERVICES; LOSS OF USE, DATA OR PROFITS; OR BUSINESS
    52                           ; INTERRUPTION) HOWSOEVER CAUSED AND ON ANY THEORY OF LIABILITY, WHETHER IN CONTRACT, ST
      +                          RICT
    53                           ; LIABILITY, OR TORT (INCLUDING NEGLIGENCE OR OTHERWISE) ARISING IN ANY WAY OUT OF THE U
      +                          SE OF
    54                           ; THIS SOFTWARE, EVEN IF ADVISED OF THE POSSIBILITY OF SUCH DAMAGE.
    55                           ; 
    56                           ; 
    57                           ; Code-generator required, PIC16F887 Definitions
    58                           ; 
    59                           ; SFR Addresses
    60  0000                     	;# 
    61  0001                     	;# 
    62  0002                     	;# 
    63  0003                     	;# 
    64  0004                     	;# 
    65  0005                     	;# 
    66  0006                     	;# 
    67  0007                     	;# 
    68  0008                     	;# 
    69  0009                     	;# 
    70  000A                     	;# 
    71  000B                     	;# 
    72  000C                     	;# 
    73  000D                     	;# 
    74  000E                     	;# 
    75  000E                     	;# 
    76  000F                     	;# 
    77  0010                     	;# 
    78  0011                     	;# 
    79  0012                     	;# 
    80  0013                     	;# 
    81  0014                     	;# 
    82  0015                     	;# 
    83  0015                     	;# 
    84  0016                     	;# 
    85  0017                     	;# 
    86  0018                     	;# 
    87  0019                     	;# 
    88  001A                     	;# 
    89  001B                     	;# 
    90  001B                     	;# 
    91  001C                     	;# 
    92  001D                     	;# 
    93  001E                     	;# 
    94  001F                     	;# 
    95  0081                     	;# 
    96  0085                     	;# 
    97  0086                     	;# 
    98  0087                     	;# 
    99  0088                     	;# 
   100  0089                     	;# 
   101  008C                     	;# 
   102  008D                     	;# 
   103  008E                     	;# 
   104  008F                     	;# 
   105  0090                     	;# 
   106  0091                     	;# 
   107  0092                     	;# 
   108  0093                     	;# 
   109  0093                     	;# 
   110  0093                     	;# 
   111  0094                     	;# 
   112  0095                     	;# 
   113  0096                     	;# 
   114  0097                     	;# 
   115  0098                     	;# 
   116  0099                     	;# 
   117  009A                     	;# 
   118  009B                     	;# 
   119  009C                     	;# 
   120  009D                     	;# 
   121  009E                     	;# 
   122  009F                     	;# 
   123  0105                     	;# 
   124  0107                     	;# 
   125  0108                     	;# 
   126  0109                     	;# 
   127  010C                     	;# 
   128  010C                     	;# 
   129  010D                     	;# 
   130  010E                     	;# 
   131  010F                     	;# 
   132  0185                     	;# 
   133  0187                     	;# 
   134  0188                     	;# 
   135  0189                     	;# 
   136  018C                     	;# 
   137  018D                     	;# 
   138  0000                     	;# 
   139  0001                     	;# 
   140  0002                     	;# 
   141  0003                     	;# 
   142  0004                     	;# 
   143  0005                     	;# 
   144  0006                     	;# 
   145  0007                     	;# 
   146  0008                     	;# 
   147  0009                     	;# 
   148  000A                     	;# 
   149  000B                     	;# 
   150  000C                     	;# 
   151  000D                     	;# 
   152  000E                     	;# 
   153  000E                     	;# 
   154  000F                     	;# 
   155  0010                     	;# 
   156  0011                     	;# 
   157  0012                     	;# 
   158  0013                     	;# 
   159  0014                     	;# 
   160  0015                     	;# 
   161  0015                     	;# 
   162  0016                     	;# 
   163  0017                     	;# 
   164  0018                     	;# 
   165  0019                     	;# 
   166  001A                     	;# 
   167  001B                     	;# 
   168  001B                     	;# 
   169  001C                     	;# 
   170  001D                     	;# 
   171  001E                     	;# 
   172  001F                     	;# 
   173  0081                     	;# 
   174  0085                     	;# 
   175  0086                     	;# 
   176  0087                     	;# 
   177  0088                     	;# 
   178  0089                     	;# 
   179  008C                     	;# 
   180  008D                     	;# 
   181  008E                     	;# 
   182  008F                     	;# 
   183  0090                     	;# 
   184  0091                     	;# 
   185  0092                     	;# 
   186  0093                     	;# 
   187  0093                     	;# 
   188  0093                     	;# 
   189  0094                     	;# 
   190  0095                     	;# 
   191  0096                     	;# 
   192  0097                     	;# 
   193  0098                     	;# 
   194  0099                     	;# 
   195  009A                     	;# 
   196  009B                     	;# 
   197  009C                     	;# 
   198  009D                     	;# 
   199  009E                     	;# 
   200  009F                     	;# 
   201  0105                     	;# 
   202  0107                     	;# 
   203  0108                     	;# 
   204  0109                     	;# 
   205  010C                     	;# 
   206  010C                     	;# 
   207  010D                     	;# 
   208  010E                     	;# 
   209  010F                     	;# 
   210  0185                     	;# 
   211  0187                     	;# 
   212  0188                     	;# 
   213  0189                     	;# 
   214  018C                     	;# 
   215  018D                     	;# 
   216                           
   217                           	psect	idataCOMMON
   218  0227                     __pidataCOMMON:
   219                           
   220                           ;initializer for _sensor_dir
   221  0227  34EC               	retlw	236
   222  0019                     _TXREG	set	25
   223  001A                     _RCREG	set	26
   224  000B                     _INTCONbits	set	11
   225  000C                     _PIR1bits	set	12
   226  0018                     _RCSTAbits	set	24
   227  0006                     _PORTB	set	6
   228  0009                     _PORTE	set	9
   229  0013                     _SSPBUF	set	19
   230  0014                     _SSPCON	set	20
   231  0063                     _SSPIF	set	99
   232  005E                     _PEIE	set	94
   233  005F                     _GIE	set	95
   234  008C                     _PIE1bits	set	140
   235  0099                     _SPBRG	set	153
   236  0098                     _TXSTAbits	set	152
   237  0089                     _TRISE	set	137
   238  0088                     _TRISD	set	136
   239  0087                     _TRISCbits	set	135
   240  0087                     _TRISC	set	135
   241  0086                     _TRISB	set	134
   242  0085                     _TRISA	set	133
   243  0094                     _SSPSTAT	set	148
   244  0093                     _SSPADD	set	147
   245  0091                     _SSPCON2	set	145
   246  0463                     _SSPIE	set	1123
   247  048C                     _ACKEN	set	1164
   248  048D                     _ACKDT	set	1165
   249  048B                     _RCEN	set	1163
   250  048A                     _PEN	set	1162
   251  0489                     _RSEN	set	1161
   252  0488                     _SEN	set	1160
   253  043C                     _TRISC4	set	1084
   254  043B                     _TRISC3	set	1083
   255  0187                     _BAUDCTLbits	set	391
   256  0189                     _ANSELH	set	393
   257  0188                     _ANSEL	set	392
   258                           
   259                           	psect	cinit
   260  000F                     start_initialization:	
   261                           ; #config settings
   262                           
   263  000F                     __initialization:
   264                           
   265                           ; Initialize objects allocated to COMMON
   266  000F  120A  118A  2227  120A  118A  	fcall	__pidataCOMMON	;fetch initializer
   267  0014  00FA               	movwf	__pdataCOMMON& (0+127)
   268                           
   269                           ; Clear objects allocated to BANK0
   270  0015  01B4               	clrf	__pbssBANK0& (0+127)
   271                           
   272                           ; Clear objects allocated to COMMON
   273  0016  01F8               	clrf	__pbssCOMMON& (0+127)
   274  0017  01F9               	clrf	(__pbssCOMMON+1)& (0+127)
   275  0018                     end_of_initialization:	
   276                           ;End of C runtime variable initialization code
   277                           
   278  0018                     __end_of__initialization:
   279  0018  0183               	clrf	3
   280  0019  120A  118A  281C   	ljmp	_main	;jump to C main() function
   281                           
   282                           	psect	bssCOMMON
   283  0078                     __pbssCOMMON:
   284  0078                     _led:
   285  0078                     	ds	1
   286  0079                     _data_in:
   287  0079                     	ds	1
   288                           
   289                           	psect	dataCOMMON
   290  007A                     __pdataCOMMON:
   291  007A                     _sensor_dir:
   292  007A                     	ds	1
   293                           
   294                           	psect	bssBANK0
   295  0034                     __pbssBANK0:
   296  0034                     _TEMP_LSB:
   297  0034                     	ds	1
   298                           
   299                           	psect	cstackCOMMON
   300  0070                     __pcstackCOMMON:
   301  0070                     ?_I2C_Master_Wait:
   302  0070                     ?_I2C_Master_Start:	
   303                           ; 1 bytes @ 0x0
   304                           
   305  0070                     ?_I2C_Master_Stop:	
   306                           ; 1 bytes @ 0x0
   307                           
   308  0070                     ?_led1:	
   309                           ; 1 bytes @ 0x0
   310                           
   311  0070                     ?_setup:	
   312                           ; 1 bytes @ 0x0
   313                           
   314  0070                     ?_ISR:	
   315                           ; 1 bytes @ 0x0
   316                           
   317  0070                     ??_ISR:	
   318                           ; 1 bytes @ 0x0
   319                           
   320  0070                     ?_main:	
   321                           ; 1 bytes @ 0x0
   322                           
   323                           
   324                           ; 1 bytes @ 0x0
   325  0070                     	ds	3
   326  0073                     ??_I2C_Master_Wait:
   327  0073                     ??_I2C_Master_Start:	
   328                           ; 1 bytes @ 0x3
   329                           
   330  0073                     ??_I2C_Master_Stop:	
   331                           ; 1 bytes @ 0x3
   332                           
   333  0073                     ?_I2C_Master_Write:	
   334                           ; 1 bytes @ 0x3
   335                           
   336  0073                     ??_led1:	
   337                           ; 1 bytes @ 0x3
   338                           
   339  0073                     ??___lldiv:	
   340                           ; 1 bytes @ 0x3
   341                           
   342  0073                     ?_I2C_Master_Read:	
   343                           ; 1 bytes @ 0x3
   344                           
   345  0073                     I2C_Master_Write@d:	
   346                           ; 2 bytes @ 0x3
   347                           
   348  0073                     I2C_Master_Read@a:	
   349                           ; 2 bytes @ 0x3
   350                           
   351                           
   352                           ; 2 bytes @ 0x3
   353  0073                     	ds	1
   354  0074                     ??_I2C_Master_Init:
   355                           
   356                           ; 1 bytes @ 0x4
   357  0074                     	ds	1
   358  0075                     ??_I2C_Master_Write:
   359  0075                     ??_I2C_Master_Read:	
   360                           ; 1 bytes @ 0x5
   361                           
   362                           
   363                           ; 1 bytes @ 0x5
   364  0075                     	ds	3
   365  0078                     ??_setup:
   366                           
   367                           	psect	cstackBANK0
   368  0020                     __pcstackBANK0:	
   369                           ; 1 bytes @ 0x8
   370                           
   371  0020                     ?___lldiv:
   372  0020                     I2C_Master_Read@temp:	
   373                           ; 4 bytes @ 0x0
   374                           
   375  0020                     ___lldiv@divisor:	
   376                           ; 2 bytes @ 0x0
   377                           
   378                           
   379                           ; 4 bytes @ 0x0
   380  0020                     	ds	4
   381  0024                     ___lldiv@dividend:
   382                           
   383                           ; 4 bytes @ 0x4
   384  0024                     	ds	4
   385  0028                     ___lldiv@quotient:
   386                           
   387                           ; 4 bytes @ 0x8
   388  0028                     	ds	4
   389  002C                     ___lldiv@counter:
   390                           
   391                           ; 1 bytes @ 0xC
   392  002C                     	ds	1
   393  002D                     ?_I2C_Master_Init:
   394  002D                     I2C_Master_Init@c:	
   395                           ; 1 bytes @ 0xD
   396                           
   397                           
   398                           ; 4 bytes @ 0xD
   399  002D                     	ds	4
   400  0031                     ??_main:
   401                           
   402                           ; 1 bytes @ 0x11
   403  0031                     	ds	3
   404                           
   405                           	psect	maintext
   406  001C                     __pmaintext:	
   407 ;;
   408 ;;Main: autosize = 0, tempsize = 3, incstack = 0, save=0
   409 ;;
   410 ;; *************** function _main *****************
   411 ;; Defined at:
   412 ;;		line 106 in file "Main.c"
   413 ;; Parameters:    Size  Location     Type
   414 ;;		None
   415 ;; Auto vars:     Size  Location     Type
   416 ;;		None
   417 ;; Return value:  Size  Location     Type
   418 ;;                  1    wreg      void 
   419 ;; Registers used:
   420 ;;		wreg, status,2, status,0, pclath, cstack
   421 ;; Tracked objects:
   422 ;;		On entry : B00/0
   423 ;;		On exit  : 0/0
   424 ;;		Unchanged: 0/0
   425 ;; Data sizes:     COMMON   BANK0   BANK1   BANK3   BANK2
   426 ;;      Params:         0       0       0       0       0
   427 ;;      Locals:         0       0       0       0       0
   428 ;;      Temps:          0       3       0       0       0
   429 ;;      Totals:         0       3       0       0       0
   430 ;;Total ram usage:        3 bytes
   431 ;; Hardware stack levels required when called:    4
   432 ;; This function calls:
   433 ;;		_I2C_Master_Read
   434 ;;		_I2C_Master_Start
   435 ;;		_I2C_Master_Stop
   436 ;;		_I2C_Master_Write
   437 ;;		_setup
   438 ;; This function is called by:
   439 ;;		Startup code after reset
   440 ;; This function uses a non-reentrant model
   441 ;;
   442                           
   443                           
   444                           ;psect for function _main
   445  001C                     _main:
   446  001C                     l1142:	
   447                           ;incstack = 0
   448                           ; Regs used in _main: [wreg+status,2+status,0+pclath+cstack]
   449                           
   450                           
   451                           ;Main.c: 107:     setup();
   452  001C  120A  118A  20EC  120A  118A  	fcall	_setup
   453  0021                     l1144:
   454                           
   455                           ;Main.c: 109:         TXREG = TEMP_LSB;
   456  0021  1283               	bcf	3,5	;RP0=0, select bank0
   457  0022  1303               	bcf	3,6	;RP1=0, select bank0
   458  0023  0834               	movf	_TEMP_LSB,w
   459  0024  0099               	movwf	25	;volatile
   460  0025                     l1146:
   461                           
   462                           ;Main.c: 110:         I2C_Master_Start();
   463  0025  120A  118A  221E  120A  118A  	fcall	_I2C_Master_Start
   464  002A                     l1148:
   465                           
   466                           ;Main.c: 111:         I2C_Master_Write(0b11101100);
   467  002A  30EC               	movlw	236
   468  002B  00F3               	movwf	I2C_Master_Write@d
   469  002C  3000               	movlw	0
   470  002D  00F4               	movwf	I2C_Master_Write@d+1
   471  002E  120A  118A  220B  120A  118A  	fcall	_I2C_Master_Write
   472  0033                     l1150:
   473                           
   474                           ;Main.c: 112:         I2C_Master_Write(0xD0);
   475  0033  30D0               	movlw	208
   476  0034  00F3               	movwf	I2C_Master_Write@d
   477  0035  3000               	movlw	0
   478  0036  00F4               	movwf	I2C_Master_Write@d+1
   479  0037  120A  118A  220B  120A  118A  	fcall	_I2C_Master_Write
   480  003C                     l1152:
   481                           
   482                           ;Main.c: 113:         I2C_Master_Stop();
   483  003C  120A  118A  2215  120A  118A  	fcall	_I2C_Master_Stop
   484  0041                     l1154:
   485                           
   486                           ;Main.c: 114:         _delay((unsigned long)((200)*(4000000/4000.0)));
   487  0041  3002               	movlw	2
   488  0042  1283               	bcf	3,5	;RP0=0, select bank0
   489  0043  1303               	bcf	3,6	;RP1=0, select bank0
   490  0044  00B3               	movwf	??_main+2
   491  0045  3004               	movlw	4
   492  0046  00B2               	movwf	??_main+1
   493  0047  30B9               	movlw	185
   494  0048  00B1               	movwf	??_main
   495  0049                     u427:
   496  0049  0BB1               	decfsz	??_main,f
   497  004A  2849               	goto	u427
   498  004B  0BB2               	decfsz	??_main+1,f
   499  004C  2849               	goto	u427
   500  004D  0BB3               	decfsz	??_main+2,f
   501  004E  2849               	goto	u427
   502  004F  2850               	nop2
   503                           
   504                           ;Main.c: 115:         I2C_Master_Start();
   505  0050  120A  118A  221E  120A  118A  	fcall	_I2C_Master_Start
   506                           
   507                           ;Main.c: 116:         I2C_Master_Write(0b11101101);
   508  0055  30ED               	movlw	237
   509  0056  00F3               	movwf	I2C_Master_Write@d
   510  0057  3000               	movlw	0
   511  0058  00F4               	movwf	I2C_Master_Write@d+1
   512  0059  120A  118A  220B  120A  118A  	fcall	_I2C_Master_Write
   513                           
   514                           ;Main.c: 117:         TEMP_LSB = I2C_Master_Read(0);
   515  005E  3000               	movlw	0
   516  005F  00F3               	movwf	I2C_Master_Read@a
   517  0060  00F4               	movwf	I2C_Master_Read@a+1
   518  0061  120A  118A  21CF  120A  118A  	fcall	_I2C_Master_Read
   519  0066  0873               	movf	?_I2C_Master_Read,w
   520  0067  1283               	bcf	3,5	;RP0=0, select bank0
   521  0068  1303               	bcf	3,6	;RP1=0, select bank0
   522  0069  00B1               	movwf	??_main
   523  006A  0831               	movf	??_main,w
   524  006B  00B4               	movwf	_TEMP_LSB
   525                           
   526                           ;Main.c: 118:         I2C_Master_Stop();
   527  006C  120A  118A  2215  120A  118A  	fcall	_I2C_Master_Stop
   528  0071                     l1156:
   529                           
   530                           ;Main.c: 119:         _delay((unsigned long)((200)*(4000000/4000.0)));
   531  0071  3002               	movlw	2
   532  0072  1283               	bcf	3,5	;RP0=0, select bank0
   533  0073  1303               	bcf	3,6	;RP1=0, select bank0
   534  0074  00B3               	movwf	??_main+2
   535  0075  3004               	movlw	4
   536  0076  00B2               	movwf	??_main+1
   537  0077  30B9               	movlw	185
   538  0078  00B1               	movwf	??_main
   539  0079                     u437:
   540  0079  0BB1               	decfsz	??_main,f
   541  007A  2879               	goto	u437
   542  007B  0BB2               	decfsz	??_main+1,f
   543  007C  2879               	goto	u437
   544  007D  0BB3               	decfsz	??_main+2,f
   545  007E  2879               	goto	u437
   546  007F  2880               	nop2
   547  0080  2821               	goto	l1144
   548  0081  120A  118A  280C   	ljmp	start
   549  0084                     __end_of_main:
   550                           
   551                           	psect	text1
   552  00EC                     __ptext1:	
   553 ;; *************** function _setup *****************
   554 ;; Defined at:
   555 ;;		line 46 in file "Main.c"
   556 ;; Parameters:    Size  Location     Type
   557 ;;		None
   558 ;; Auto vars:     Size  Location     Type
   559 ;;		None
   560 ;; Return value:  Size  Location     Type
   561 ;;                  1    wreg      void 
   562 ;; Registers used:
   563 ;;		wreg, status,2, status,0, pclath, cstack
   564 ;; Tracked objects:
   565 ;;		On entry : 0/0
   566 ;;		On exit  : 0/0
   567 ;;		Unchanged: 0/0
   568 ;; Data sizes:     COMMON   BANK0   BANK1   BANK3   BANK2
   569 ;;      Params:         0       0       0       0       0
   570 ;;      Locals:         0       0       0       0       0
   571 ;;      Temps:          0       0       0       0       0
   572 ;;      Totals:         0       0       0       0       0
   573 ;;Total ram usage:        0 bytes
   574 ;; Hardware stack levels used:    1
   575 ;; Hardware stack levels required when called:    3
   576 ;; This function calls:
   577 ;;		_I2C_Master_Init
   578 ;;		_led1
   579 ;; This function is called by:
   580 ;;		_main
   581 ;; This function uses a non-reentrant model
   582 ;;
   583                           
   584                           
   585                           ;psect for function _setup
   586  00EC                     _setup:
   587  00EC                     l1098:	
   588                           ;incstack = 0
   589                           ; Regs used in _setup: [wreg+status,2+status,0+pclath+cstack]
   590                           
   591                           
   592                           ;Main.c: 47:     ANSEL = 0;
   593  00EC  1683               	bsf	3,5	;RP0=1, select bank3
   594  00ED  1703               	bsf	3,6	;RP1=1, select bank3
   595  00EE  0188               	clrf	8	;volatile
   596                           
   597                           ;Main.c: 48:     ANSELH = 0;
   598  00EF  0189               	clrf	9	;volatile
   599                           
   600                           ;Main.c: 50:     TRISA = 0x00;
   601  00F0  1683               	bsf	3,5	;RP0=1, select bank1
   602  00F1  1303               	bcf	3,6	;RP1=0, select bank1
   603  00F2  0185               	clrf	5	;volatile
   604                           
   605                           ;Main.c: 51:     TRISB = 0x00;
   606  00F3  0186               	clrf	6	;volatile
   607                           
   608                           ;Main.c: 52:     TRISC = 0x00;
   609  00F4  0187               	clrf	7	;volatile
   610  00F5                     l1100:
   611                           
   612                           ;Main.c: 53:     TRISCbits.TRISC3 = 0;
   613  00F5  1187               	bcf	7,3	;volatile
   614  00F6                     l1102:
   615                           
   616                           ;Main.c: 54:     TRISCbits.TRISC6 = 1;
   617  00F6  1707               	bsf	7,6	;volatile
   618  00F7                     l1104:
   619                           
   620                           ;Main.c: 55:     TRISCbits.TRISC7 = 1;
   621  00F7  1787               	bsf	7,7	;volatile
   622                           
   623                           ;Main.c: 56:     TRISD = 0x00;
   624  00F8  0188               	clrf	8	;volatile
   625                           
   626                           ;Main.c: 57:     TRISE = 0x00;
   627  00F9  0189               	clrf	9	;volatile
   628                           
   629                           ;Main.c: 58:     PORTB = 0x00;
   630  00FA  1283               	bcf	3,5	;RP0=0, select bank0
   631  00FB  1303               	bcf	3,6	;RP1=0, select bank0
   632  00FC  0186               	clrf	6	;volatile
   633                           
   634                           ;Main.c: 59:     PORTE = 0x00;
   635  00FD  0189               	clrf	9	;volatile
   636  00FE                     l1106:
   637                           
   638                           ;Main.c: 61:     I2C_Master_Init(9);
   639  00FE  3000               	movlw	0
   640  00FF  00B0               	movwf	I2C_Master_Init@c+3
   641  0100  3000               	movlw	0
   642  0101  00AF               	movwf	I2C_Master_Init@c+2
   643  0102  3000               	movlw	0
   644  0103  00AE               	movwf	I2C_Master_Init@c+1
   645  0104  3009               	movlw	9
   646  0105  00AD               	movwf	I2C_Master_Init@c
   647  0106  120A  118A  212F  120A  118A  	fcall	_I2C_Master_Init
   648  010B                     l1108:
   649                           
   650                           ;Main.c: 64:     TXSTAbits.BRGH = 1;
   651  010B  1683               	bsf	3,5	;RP0=1, select bank1
   652  010C  1303               	bcf	3,6	;RP1=0, select bank1
   653  010D  1518               	bsf	24,2	;volatile
   654  010E                     l1110:
   655                           
   656                           ;Main.c: 65:     BAUDCTLbits.BRG16 = 0;
   657  010E  1683               	bsf	3,5	;RP0=1, select bank3
   658  010F  1703               	bsf	3,6	;RP1=1, select bank3
   659  0110  1187               	bcf	7,3	;volatile
   660  0111                     l1112:
   661                           
   662                           ;Main.c: 66:     SPBRG = 25;
   663  0111  3019               	movlw	25
   664  0112  1683               	bsf	3,5	;RP0=1, select bank1
   665  0113  1303               	bcf	3,6	;RP1=0, select bank1
   666  0114  0099               	movwf	25	;volatile
   667  0115                     l1114:
   668                           
   669                           ;Main.c: 69:     TXSTAbits.TXEN = 1;
   670  0115  1698               	bsf	24,5	;volatile
   671  0116                     l1116:
   672                           
   673                           ;Main.c: 70:     TXSTAbits.SYNC = 0;
   674  0116  1218               	bcf	24,4	;volatile
   675  0117                     l1118:
   676                           
   677                           ;Main.c: 71:     RCSTAbits.SPEN = 1;
   678  0117  1283               	bcf	3,5	;RP0=0, select bank0
   679  0118  1303               	bcf	3,6	;RP1=0, select bank0
   680  0119  1798               	bsf	24,7	;volatile
   681  011A                     l1120:
   682                           
   683                           ;Main.c: 72:     TXSTAbits.TX9 = 0;
   684  011A  1683               	bsf	3,5	;RP0=1, select bank1
   685  011B  1303               	bcf	3,6	;RP1=0, select bank1
   686  011C  1318               	bcf	24,6	;volatile
   687  011D                     l1122:
   688                           
   689                           ;Main.c: 75:     RCSTAbits.CREN = 1;
   690  011D  1283               	bcf	3,5	;RP0=0, select bank0
   691  011E  1303               	bcf	3,6	;RP1=0, select bank0
   692  011F  1618               	bsf	24,4	;volatile
   693  0120                     l1124:
   694                           
   695                           ;Main.c: 76:     RCSTAbits.RX9 = 0;
   696  0120  1318               	bcf	24,6	;volatile
   697  0121                     l1126:
   698                           
   699                           ;Main.c: 79:     PIE1bits.RCIE = 1;
   700  0121  1683               	bsf	3,5	;RP0=1, select bank1
   701  0122  1303               	bcf	3,6	;RP1=0, select bank1
   702  0123  168C               	bsf	12,5	;volatile
   703  0124                     l1128:
   704                           
   705                           ;Main.c: 80:     PIE1bits.TXIE = 0;
   706  0124  120C               	bcf	12,4	;volatile
   707  0125                     l1130:
   708                           
   709                           ;Main.c: 81:     PIR1bits.RCIF = 0;
   710  0125  1283               	bcf	3,5	;RP0=0, select bank0
   711  0126  1303               	bcf	3,6	;RP1=0, select bank0
   712  0127  128C               	bcf	12,5	;volatile
   713  0128                     l1132:
   714                           
   715                           ;Main.c: 83:     INTCONbits.GIE = 1;
   716  0128  178B               	bsf	11,7	;volatile
   717  0129                     l1134:
   718                           
   719                           ;Main.c: 84:     led1();
   720  0129  120A  118A  2169  120A  118A  	fcall	_led1
   721  012E                     l115:
   722  012E  0008               	return
   723  012F                     __end_of_setup:
   724                           
   725                           	psect	text2
   726  0169                     __ptext2:	
   727 ;; *************** function _led1 *****************
   728 ;; Defined at:
   729 ;;		line 38 in file "Main.c"
   730 ;; Parameters:    Size  Location     Type
   731 ;;		None
   732 ;; Auto vars:     Size  Location     Type
   733 ;;		None
   734 ;; Return value:  Size  Location     Type
   735 ;;                  1    wreg      void 
   736 ;; Registers used:
   737 ;;		wreg, status,2
   738 ;; Tracked objects:
   739 ;;		On entry : 0/0
   740 ;;		On exit  : 0/0
   741 ;;		Unchanged: 0/0
   742 ;; Data sizes:     COMMON   BANK0   BANK1   BANK3   BANK2
   743 ;;      Params:         0       0       0       0       0
   744 ;;      Locals:         0       0       0       0       0
   745 ;;      Temps:          3       0       0       0       0
   746 ;;      Totals:         3       0       0       0       0
   747 ;;Total ram usage:        3 bytes
   748 ;; Hardware stack levels used:    1
   749 ;; Hardware stack levels required when called:    1
   750 ;; This function calls:
   751 ;;		Nothing
   752 ;; This function is called by:
   753 ;;		_setup
   754 ;; This function uses a non-reentrant model
   755 ;;
   756                           
   757                           
   758                           ;psect for function _led1
   759  0169                     _led1:
   760  0169                     l938:	
   761                           ;incstack = 0
   762                           ; Regs used in _led1: [wreg+status,2]
   763                           
   764                           
   765                           ;Main.c: 39:     _delay((unsigned long)((5000)*(4000000/4000.0)));
   766  0169  301A               	movlw	26
   767  016A  00F5               	movwf	??_led1+2
   768  016B  305E               	movlw	94
   769  016C  00F4               	movwf	??_led1+1
   770  016D  306E               	movlw	110
   771  016E  00F3               	movwf	??_led1
   772  016F                     u447:
   773  016F  0BF3               	decfsz	??_led1,f
   774  0170  296F               	goto	u447
   775  0171  0BF4               	decfsz	??_led1+1,f
   776  0172  296F               	goto	u447
   777  0173  0BF5               	decfsz	??_led1+2,f
   778  0174  296F               	goto	u447
   779  0175  0000               	nop
   780                           
   781                           ;Main.c: 40:     PORTE = 1;
   782  0176  3001               	movlw	1
   783  0177  1283               	bcf	3,5	;RP0=0, select bank0
   784  0178  1303               	bcf	3,6	;RP1=0, select bank0
   785  0179  0089               	movwf	9	;volatile
   786                           
   787                           ;Main.c: 41:     _delay((unsigned long)((6000)*(4000000/4000.0)));
   788  017A  301F               	movlw	31
   789  017B  00F5               	movwf	??_led1+2
   790  017C  3071               	movlw	113
   791  017D  00F4               	movwf	??_led1+1
   792  017E  301E               	movlw	30
   793  017F  00F3               	movwf	??_led1
   794  0180                     u457:
   795  0180  0BF3               	decfsz	??_led1,f
   796  0181  2980               	goto	u457
   797  0182  0BF4               	decfsz	??_led1+1,f
   798  0183  2980               	goto	u457
   799  0184  0BF5               	decfsz	??_led1+2,f
   800  0185  2980               	goto	u457
   801  0186  0000               	nop
   802                           
   803                           ;Main.c: 42:     PORTE = 2;
   804  0187  3002               	movlw	2
   805  0188  1283               	bcf	3,5	;RP0=0, select bank0
   806  0189  1303               	bcf	3,6	;RP1=0, select bank0
   807  018A  0089               	movwf	9	;volatile
   808                           
   809                           ;Main.c: 43:     _delay((unsigned long)((6000)*(4000000/4000.0)));
   810  018B  301F               	movlw	31
   811  018C  00F5               	movwf	??_led1+2
   812  018D  3071               	movlw	113
   813  018E  00F4               	movwf	??_led1+1
   814  018F  301E               	movlw	30
   815  0190  00F3               	movwf	??_led1
   816  0191                     u467:
   817  0191  0BF3               	decfsz	??_led1,f
   818  0192  2991               	goto	u467
   819  0193  0BF4               	decfsz	??_led1+1,f
   820  0194  2991               	goto	u467
   821  0195  0BF5               	decfsz	??_led1+2,f
   822  0196  2991               	goto	u467
   823  0197  0000               	nop
   824  0198                     l940:
   825                           
   826                           ;Main.c: 44:     PORTE = 0;
   827  0198  1283               	bcf	3,5	;RP0=0, select bank0
   828  0199  1303               	bcf	3,6	;RP1=0, select bank0
   829  019A  0189               	clrf	9	;volatile
   830  019B                     l112:
   831  019B  0008               	return
   832  019C                     __end_of_led1:
   833                           
   834                           	psect	text3
   835  012F                     __ptext3:	
   836 ;; *************** function _I2C_Master_Init *****************
   837 ;; Defined at:
   838 ;;		line 7 in file "./I2CLIB.h"
   839 ;; Parameters:    Size  Location     Type
   840 ;;  c               4   13[BANK0 ] const unsigned long 
   841 ;; Auto vars:     Size  Location     Type
   842 ;;		None
   843 ;; Return value:  Size  Location     Type
   844 ;;                  1    wreg      void 
   845 ;; Registers used:
   846 ;;		wreg, status,2, status,0, pclath, cstack
   847 ;; Tracked objects:
   848 ;;		On entry : 0/0
   849 ;;		On exit  : 0/0
   850 ;;		Unchanged: 0/0
   851 ;; Data sizes:     COMMON   BANK0   BANK1   BANK3   BANK2
   852 ;;      Params:         0       4       0       0       0
   853 ;;      Locals:         0       0       0       0       0
   854 ;;      Temps:          4       0       0       0       0
   855 ;;      Totals:         4       4       0       0       0
   856 ;;Total ram usage:        8 bytes
   857 ;; Hardware stack levels used:    1
   858 ;; Hardware stack levels required when called:    2
   859 ;; This function calls:
   860 ;;		___lldiv
   861 ;; This function is called by:
   862 ;;		_setup
   863 ;; This function uses a non-reentrant model
   864 ;;
   865                           
   866                           
   867                           ;psect for function _I2C_Master_Init
   868  012F                     _I2C_Master_Init:
   869  012F                     l1054:	
   870                           ;incstack = 0
   871                           ; Regs used in _I2C_Master_Init: [wreg+status,2+status,0+pclath+cstack]
   872                           
   873                           
   874                           ;./I2CLIB.h: 7: void I2C_Master_Init(const unsigned long c);./I2CLIB.h: 8: {;./I2CLIB.h:
      +                           9:   SSPCON = 0b00101000;
   875  012F  3028               	movlw	40
   876  0130  1283               	bcf	3,5	;RP0=0, select bank0
   877  0131  1303               	bcf	3,6	;RP1=0, select bank0
   878  0132  0094               	movwf	20	;volatile
   879  0133                     l1056:
   880                           
   881                           ;./I2CLIB.h: 10:   SSPCON2 = 0;
   882  0133  1683               	bsf	3,5	;RP0=1, select bank1
   883  0134  1303               	bcf	3,6	;RP1=0, select bank1
   884  0135  0191               	clrf	17	;volatile
   885  0136                     l1058:
   886                           
   887                           ;./I2CLIB.h: 11:   SSPADD = (4000000/(4*c))-1;
   888  0136  1283               	bcf	3,5	;RP0=0, select bank0
   889  0137  1303               	bcf	3,6	;RP1=0, select bank0
   890  0138  082D               	movf	I2C_Master_Init@c,w
   891  0139  00F4               	movwf	??_I2C_Master_Init
   892  013A  082E               	movf	I2C_Master_Init@c+1,w
   893  013B  00F5               	movwf	??_I2C_Master_Init+1
   894  013C  082F               	movf	I2C_Master_Init@c+2,w
   895  013D  00F6               	movwf	??_I2C_Master_Init+2
   896  013E  0830               	movf	I2C_Master_Init@c+3,w
   897  013F  00F7               	movwf	??_I2C_Master_Init+3
   898  0140  3002               	movlw	2
   899  0141                     u375:
   900  0141  1003               	clrc
   901  0142  0DF4               	rlf	??_I2C_Master_Init,f
   902  0143  0DF5               	rlf	??_I2C_Master_Init+1,f
   903  0144  0DF6               	rlf	??_I2C_Master_Init+2,f
   904  0145  0DF7               	rlf	??_I2C_Master_Init+3,f
   905  0146                     u370:
   906  0146  3EFF               	addlw	-1
   907  0147  1D03               	skipz
   908  0148  2941               	goto	u375
   909  0149  0877               	movf	??_I2C_Master_Init+3,w
   910  014A  00A3               	movwf	___lldiv@divisor+3
   911  014B  0876               	movf	??_I2C_Master_Init+2,w
   912  014C  00A2               	movwf	___lldiv@divisor+2
   913  014D  0875               	movf	??_I2C_Master_Init+1,w
   914  014E  00A1               	movwf	___lldiv@divisor+1
   915  014F  0874               	movf	??_I2C_Master_Init,w
   916  0150  00A0               	movwf	___lldiv@divisor
   917  0151  3000               	movlw	0
   918  0152  00A7               	movwf	___lldiv@dividend+3
   919  0153  303D               	movlw	61
   920  0154  00A6               	movwf	___lldiv@dividend+2
   921  0155  3009               	movlw	9
   922  0156  00A5               	movwf	___lldiv@dividend+1
   923  0157  3000               	movlw	0
   924  0158  00A4               	movwf	___lldiv@dividend
   925  0159  120A  118A  2084  120A  118A  	fcall	___lldiv
   926  015E  1283               	bcf	3,5	;RP0=0, select bank0
   927  015F  1303               	bcf	3,6	;RP1=0, select bank0
   928  0160  0820               	movf	?___lldiv,w
   929  0161  3EFF               	addlw	255
   930  0162  1683               	bsf	3,5	;RP0=1, select bank1
   931  0163  1303               	bcf	3,6	;RP1=0, select bank1
   932  0164  0093               	movwf	19	;volatile
   933  0165                     l1060:
   934                           
   935                           ;./I2CLIB.h: 12:   SSPSTAT = 0;
   936  0165  0194               	clrf	20	;volatile
   937  0166                     l1062:
   938                           
   939                           ;./I2CLIB.h: 13:   TRISC3 = 1;
   940  0166  1587               	bsf	7,3	;volatile
   941  0167                     l1064:
   942                           
   943                           ;./I2CLIB.h: 14:   TRISC4 = 1;
   944  0167  1607               	bsf	7,4	;volatile
   945  0168                     l77:
   946  0168  0008               	return
   947  0169                     __end_of_I2C_Master_Init:
   948                           
   949                           	psect	text4
   950  0084                     __ptext4:	
   951 ;; *************** function ___lldiv *****************
   952 ;; Defined at:
   953 ;;		line 5 in file "D:\Program Files\Microchip\xc8\v2.31\pic\sources\c90\common\__lldiv.c"
   954 ;; Parameters:    Size  Location     Type
   955 ;;  divisor         4    0[BANK0 ] unsigned long 
   956 ;;  dividend        4    4[BANK0 ] unsigned long 
   957 ;; Auto vars:     Size  Location     Type
   958 ;;  quotient        4    8[BANK0 ] unsigned long 
   959 ;;  counter         1   12[BANK0 ] unsigned char 
   960 ;; Return value:  Size  Location     Type
   961 ;;                  4    0[BANK0 ] unsigned long 
   962 ;; Registers used:
   963 ;;		wreg, status,2, status,0
   964 ;; Tracked objects:
   965 ;;		On entry : 0/0
   966 ;;		On exit  : 0/0
   967 ;;		Unchanged: 0/0
   968 ;; Data sizes:     COMMON   BANK0   BANK1   BANK3   BANK2
   969 ;;      Params:         0       8       0       0       0
   970 ;;      Locals:         0       5       0       0       0
   971 ;;      Temps:          1       0       0       0       0
   972 ;;      Totals:         1      13       0       0       0
   973 ;;Total ram usage:       14 bytes
   974 ;; Hardware stack levels used:    1
   975 ;; Hardware stack levels required when called:    1
   976 ;; This function calls:
   977 ;;		Nothing
   978 ;; This function is called by:
   979 ;;		_I2C_Master_Init
   980 ;; This function uses a non-reentrant model
   981 ;;
   982                           
   983                           
   984                           ;psect for function ___lldiv
   985  0084                     ___lldiv:
   986  0084                     l1030:	
   987                           ;incstack = 0
   988                           ; Regs used in ___lldiv: [wreg+status,2+status,0]
   989                           
   990  0084  3000               	movlw	0
   991  0085  1283               	bcf	3,5	;RP0=0, select bank0
   992  0086  1303               	bcf	3,6	;RP1=0, select bank0
   993  0087  00AB               	movwf	___lldiv@quotient+3
   994  0088  3000               	movlw	0
   995  0089  00AA               	movwf	___lldiv@quotient+2
   996  008A  3000               	movlw	0
   997  008B  00A9               	movwf	___lldiv@quotient+1
   998  008C  3000               	movlw	0
   999  008D  00A8               	movwf	___lldiv@quotient
  1000  008E  0823               	movf	___lldiv@divisor+3,w
  1001  008F  0422               	iorwf	___lldiv@divisor+2,w
  1002  0090  0421               	iorwf	___lldiv@divisor+1,w
  1003  0091  0420               	iorwf	___lldiv@divisor,w
  1004  0092  1903               	skipnz
  1005  0093  2895               	goto	u301
  1006  0094  2896               	goto	u300
  1007  0095                     u301:
  1008  0095  28E3               	goto	l1050
  1009  0096                     u300:
  1010  0096                     l1032:
  1011  0096  01AC               	clrf	___lldiv@counter
  1012  0097  0AAC               	incf	___lldiv@counter,f
  1013  0098  28A6               	goto	l1036
  1014  0099                     l1034:
  1015  0099  3001               	movlw	1
  1016  009A  00F3               	movwf	??___lldiv
  1017  009B                     u315:
  1018  009B  1003               	clrc
  1019  009C  0DA0               	rlf	___lldiv@divisor,f
  1020  009D  0DA1               	rlf	___lldiv@divisor+1,f
  1021  009E  0DA2               	rlf	___lldiv@divisor+2,f
  1022  009F  0DA3               	rlf	___lldiv@divisor+3,f
  1023  00A0  0BF3               	decfsz	??___lldiv,f
  1024  00A1  289B               	goto	u315
  1025  00A2  3001               	movlw	1
  1026  00A3  00F3               	movwf	??___lldiv
  1027  00A4  0873               	movf	??___lldiv,w
  1028  00A5  07AC               	addwf	___lldiv@counter,f
  1029  00A6                     l1036:
  1030  00A6  1FA3               	btfss	___lldiv@divisor+3,7
  1031  00A7  28A9               	goto	u321
  1032  00A8  28AA               	goto	u320
  1033  00A9                     u321:
  1034  00A9  2899               	goto	l1034
  1035  00AA                     u320:
  1036  00AA                     l1038:
  1037  00AA  3001               	movlw	1
  1038  00AB  00F3               	movwf	??___lldiv
  1039  00AC                     u335:
  1040  00AC  1003               	clrc
  1041  00AD  0DA8               	rlf	___lldiv@quotient,f
  1042  00AE  0DA9               	rlf	___lldiv@quotient+1,f
  1043  00AF  0DAA               	rlf	___lldiv@quotient+2,f
  1044  00B0  0DAB               	rlf	___lldiv@quotient+3,f
  1045  00B1  0BF3               	decfsz	??___lldiv,f
  1046  00B2  28AC               	goto	u335
  1047  00B3                     l1040:
  1048  00B3  0823               	movf	___lldiv@divisor+3,w
  1049  00B4  0227               	subwf	___lldiv@dividend+3,w
  1050  00B5  1D03               	skipz
  1051  00B6  28C1               	goto	u345
  1052  00B7  0822               	movf	___lldiv@divisor+2,w
  1053  00B8  0226               	subwf	___lldiv@dividend+2,w
  1054  00B9  1D03               	skipz
  1055  00BA  28C1               	goto	u345
  1056  00BB  0821               	movf	___lldiv@divisor+1,w
  1057  00BC  0225               	subwf	___lldiv@dividend+1,w
  1058  00BD  1D03               	skipz
  1059  00BE  28C1               	goto	u345
  1060  00BF  0820               	movf	___lldiv@divisor,w
  1061  00C0  0224               	subwf	___lldiv@dividend,w
  1062  00C1                     u345:
  1063  00C1  1C03               	skipc
  1064  00C2  28C4               	goto	u341
  1065  00C3  28C5               	goto	u340
  1066  00C4                     u341:
  1067  00C4  28D4               	goto	l1046
  1068  00C5                     u340:
  1069  00C5                     l1042:
  1070  00C5  0820               	movf	___lldiv@divisor,w
  1071  00C6  02A4               	subwf	___lldiv@dividend,f
  1072  00C7  0821               	movf	___lldiv@divisor+1,w
  1073  00C8  1C03               	skipc
  1074  00C9  0F21               	incfsz	___lldiv@divisor+1,w
  1075  00CA  02A5               	subwf	___lldiv@dividend+1,f
  1076  00CB  0822               	movf	___lldiv@divisor+2,w
  1077  00CC  1C03               	skipc
  1078  00CD  0F22               	incfsz	___lldiv@divisor+2,w
  1079  00CE  02A6               	subwf	___lldiv@dividend+2,f
  1080  00CF  0823               	movf	___lldiv@divisor+3,w
  1081  00D0  1C03               	skipc
  1082  00D1  0F23               	incfsz	___lldiv@divisor+3,w
  1083  00D2  02A7               	subwf	___lldiv@dividend+3,f
  1084  00D3                     l1044:
  1085  00D3  1428               	bsf	___lldiv@quotient,0
  1086  00D4                     l1046:
  1087  00D4  3001               	movlw	1
  1088  00D5                     u355:
  1089  00D5  1003               	clrc
  1090  00D6  0CA3               	rrf	___lldiv@divisor+3,f
  1091  00D7  0CA2               	rrf	___lldiv@divisor+2,f
  1092  00D8  0CA1               	rrf	___lldiv@divisor+1,f
  1093  00D9  0CA0               	rrf	___lldiv@divisor,f
  1094  00DA  3EFF               	addlw	-1
  1095  00DB  1D03               	skipz
  1096  00DC  28D5               	goto	u355
  1097  00DD                     l1048:
  1098  00DD  3001               	movlw	1
  1099  00DE  02AC               	subwf	___lldiv@counter,f
  1100  00DF  1D03               	btfss	3,2
  1101  00E0  28E2               	goto	u361
  1102  00E1  28E3               	goto	u360
  1103  00E2                     u361:
  1104  00E2  28AA               	goto	l1038
  1105  00E3                     u360:
  1106  00E3                     l1050:
  1107  00E3  082B               	movf	___lldiv@quotient+3,w
  1108  00E4  00A3               	movwf	?___lldiv+3
  1109  00E5  082A               	movf	___lldiv@quotient+2,w
  1110  00E6  00A2               	movwf	?___lldiv+2
  1111  00E7  0829               	movf	___lldiv@quotient+1,w
  1112  00E8  00A1               	movwf	?___lldiv+1
  1113  00E9  0828               	movf	___lldiv@quotient,w
  1114  00EA  00A0               	movwf	?___lldiv
  1115  00EB                     l258:
  1116  00EB  0008               	return
  1117  00EC                     __end_of___lldiv:
  1118                           
  1119                           	psect	text5
  1120  020B                     __ptext5:	
  1121 ;; *************** function _I2C_Master_Write *****************
  1122 ;; Defined at:
  1123 ;;		line 45 in file "./I2CLIB.h"
  1124 ;; Parameters:    Size  Location     Type
  1125 ;;  d               2    3[COMMON] unsigned int 
  1126 ;; Auto vars:     Size  Location     Type
  1127 ;;		None
  1128 ;; Return value:  Size  Location     Type
  1129 ;;                  1    wreg      void 
  1130 ;; Registers used:
  1131 ;;		wreg, status,2, status,0, pclath, cstack
  1132 ;; Tracked objects:
  1133 ;;		On entry : 0/0
  1134 ;;		On exit  : 0/0
  1135 ;;		Unchanged: 0/0
  1136 ;; Data sizes:     COMMON   BANK0   BANK1   BANK3   BANK2
  1137 ;;      Params:         2       0       0       0       0
  1138 ;;      Locals:         0       0       0       0       0
  1139 ;;      Temps:          0       0       0       0       0
  1140 ;;      Totals:         2       0       0       0       0
  1141 ;;Total ram usage:        2 bytes
  1142 ;; Hardware stack levels used:    1
  1143 ;; Hardware stack levels required when called:    2
  1144 ;; This function calls:
  1145 ;;		_I2C_Master_Wait
  1146 ;; This function is called by:
  1147 ;;		_main
  1148 ;; This function uses a non-reentrant model
  1149 ;;
  1150                           
  1151                           
  1152                           ;psect for function _I2C_Master_Write
  1153  020B                     _I2C_Master_Write:
  1154  020B                     l1078:	
  1155                           ;incstack = 0
  1156                           ; Regs used in _I2C_Master_Write: [wreg+status,2+status,0+pclath+cstack]
  1157                           
  1158                           
  1159                           ;./I2CLIB.h: 45: void I2C_Master_Write(unsigned d);./I2CLIB.h: 46: {;./I2CLIB.h: 47:   I
      +                          2C_Master_Wait();
  1160  020B  120A  118A  21FE  120A  118A  	fcall	_I2C_Master_Wait
  1161  0210                     l1080:
  1162                           
  1163                           ;./I2CLIB.h: 48:   SSPBUF = d;
  1164  0210  0873               	movf	I2C_Master_Write@d,w
  1165  0211  1283               	bcf	3,5	;RP0=0, select bank0
  1166  0212  1303               	bcf	3,6	;RP1=0, select bank0
  1167  0213  0093               	movwf	19	;volatile
  1168  0214                     l95:
  1169  0214  0008               	return
  1170  0215                     __end_of_I2C_Master_Write:
  1171                           
  1172                           	psect	text6
  1173  0215                     __ptext6:	
  1174 ;; *************** function _I2C_Master_Stop *****************
  1175 ;; Defined at:
  1176 ;;		line 38 in file "./I2CLIB.h"
  1177 ;; Parameters:    Size  Location     Type
  1178 ;;		None
  1179 ;; Auto vars:     Size  Location     Type
  1180 ;;		None
  1181 ;; Return value:  Size  Location     Type
  1182 ;;                  1    wreg      void 
  1183 ;; Registers used:
  1184 ;;		wreg, status,2, status,0, pclath, cstack
  1185 ;; Tracked objects:
  1186 ;;		On entry : 0/0
  1187 ;;		On exit  : 0/0
  1188 ;;		Unchanged: 0/0
  1189 ;; Data sizes:     COMMON   BANK0   BANK1   BANK3   BANK2
  1190 ;;      Params:         0       0       0       0       0
  1191 ;;      Locals:         0       0       0       0       0
  1192 ;;      Temps:          0       0       0       0       0
  1193 ;;      Totals:         0       0       0       0       0
  1194 ;;Total ram usage:        0 bytes
  1195 ;; Hardware stack levels used:    1
  1196 ;; Hardware stack levels required when called:    2
  1197 ;; This function calls:
  1198 ;;		_I2C_Master_Wait
  1199 ;; This function is called by:
  1200 ;;		_main
  1201 ;; This function uses a non-reentrant model
  1202 ;;
  1203                           
  1204                           
  1205                           ;psect for function _I2C_Master_Stop
  1206  0215                     _I2C_Master_Stop:
  1207  0215                     l1074:	
  1208                           ;incstack = 0
  1209                           ; Regs used in _I2C_Master_Stop: [wreg+status,2+status,0+pclath+cstack]
  1210                           
  1211                           
  1212                           ;./I2CLIB.h: 40:   I2C_Master_Wait();
  1213  0215  120A  118A  21FE  120A  118A  	fcall	_I2C_Master_Wait
  1214  021A                     l1076:
  1215                           
  1216                           ;./I2CLIB.h: 41:   PEN = 1;
  1217  021A  1683               	bsf	3,5	;RP0=1, select bank1
  1218  021B  1303               	bcf	3,6	;RP1=0, select bank1
  1219  021C  1511               	bsf	17,2	;volatile
  1220  021D                     l92:
  1221  021D  0008               	return
  1222  021E                     __end_of_I2C_Master_Stop:
  1223                           
  1224                           	psect	text7
  1225  021E                     __ptext7:	
  1226 ;; *************** function _I2C_Master_Start *****************
  1227 ;; Defined at:
  1228 ;;		line 24 in file "./I2CLIB.h"
  1229 ;; Parameters:    Size  Location     Type
  1230 ;;		None
  1231 ;; Auto vars:     Size  Location     Type
  1232 ;;		None
  1233 ;; Return value:  Size  Location     Type
  1234 ;;                  1    wreg      void 
  1235 ;; Registers used:
  1236 ;;		wreg, status,2, status,0, pclath, cstack
  1237 ;; Tracked objects:
  1238 ;;		On entry : 0/0
  1239 ;;		On exit  : 0/0
  1240 ;;		Unchanged: 0/0
  1241 ;; Data sizes:     COMMON   BANK0   BANK1   BANK3   BANK2
  1242 ;;      Params:         0       0       0       0       0
  1243 ;;      Locals:         0       0       0       0       0
  1244 ;;      Temps:          0       0       0       0       0
  1245 ;;      Totals:         0       0       0       0       0
  1246 ;;Total ram usage:        0 bytes
  1247 ;; Hardware stack levels used:    1
  1248 ;; Hardware stack levels required when called:    2
  1249 ;; This function calls:
  1250 ;;		_I2C_Master_Wait
  1251 ;; This function is called by:
  1252 ;;		_main
  1253 ;; This function uses a non-reentrant model
  1254 ;;
  1255                           
  1256                           
  1257                           ;psect for function _I2C_Master_Start
  1258  021E                     _I2C_Master_Start:
  1259  021E                     l1070:	
  1260                           ;incstack = 0
  1261                           ; Regs used in _I2C_Master_Start: [wreg+status,2+status,0+pclath+cstack]
  1262                           
  1263                           
  1264                           ;./I2CLIB.h: 26:   I2C_Master_Wait();
  1265  021E  120A  118A  21FE  120A  118A  	fcall	_I2C_Master_Wait
  1266  0223                     l1072:
  1267                           
  1268                           ;./I2CLIB.h: 27:   SEN = 1;
  1269  0223  1683               	bsf	3,5	;RP0=1, select bank1
  1270  0224  1303               	bcf	3,6	;RP1=0, select bank1
  1271  0225  1411               	bsf	17,0	;volatile
  1272  0226                     l86:
  1273  0226  0008               	return
  1274  0227                     __end_of_I2C_Master_Start:
  1275                           
  1276                           	psect	text8
  1277  01CF                     __ptext8:	
  1278 ;; *************** function _I2C_Master_Read *****************
  1279 ;; Defined at:
  1280 ;;		line 52 in file "./I2CLIB.h"
  1281 ;; Parameters:    Size  Location     Type
  1282 ;;  a               2    3[COMMON] unsigned short 
  1283 ;; Auto vars:     Size  Location     Type
  1284 ;;  temp            2    0[BANK0 ] unsigned short 
  1285 ;; Return value:  Size  Location     Type
  1286 ;;                  2    3[COMMON] unsigned short 
  1287 ;; Registers used:
  1288 ;;		wreg, status,2, status,0, pclath, cstack
  1289 ;; Tracked objects:
  1290 ;;		On entry : 0/0
  1291 ;;		On exit  : 0/0
  1292 ;;		Unchanged: 0/0
  1293 ;; Data sizes:     COMMON   BANK0   BANK1   BANK3   BANK2
  1294 ;;      Params:         2       0       0       0       0
  1295 ;;      Locals:         0       2       0       0       0
  1296 ;;      Temps:          2       0       0       0       0
  1297 ;;      Totals:         4       2       0       0       0
  1298 ;;Total ram usage:        6 bytes
  1299 ;; Hardware stack levels used:    1
  1300 ;; Hardware stack levels required when called:    2
  1301 ;; This function calls:
  1302 ;;		_I2C_Master_Wait
  1303 ;; This function is called by:
  1304 ;;		_main
  1305 ;; This function uses a non-reentrant model
  1306 ;;
  1307                           
  1308                           
  1309                           ;psect for function _I2C_Master_Read
  1310  01CF                     _I2C_Master_Read:
  1311  01CF                     l1082:	
  1312                           ;incstack = 0
  1313                           ; Regs used in _I2C_Master_Read: [wreg+status,2+status,0+pclath+cstack]
  1314                           
  1315                           
  1316                           ;./I2CLIB.h: 52: unsigned short I2C_Master_Read(unsigned short a);./I2CLIB.h: 53: {;./I2
      +                          CLIB.h: 54:   unsigned short temp;;./I2CLIB.h: 55:   I2C_Master_Wait();
  1317  01CF  120A  118A  21FE  120A  118A  	fcall	_I2C_Master_Wait
  1318  01D4                     l1084:
  1319                           
  1320                           ;./I2CLIB.h: 56:   RCEN = 1;
  1321  01D4  1683               	bsf	3,5	;RP0=1, select bank1
  1322  01D5  1303               	bcf	3,6	;RP1=0, select bank1
  1323  01D6  1591               	bsf	17,3	;volatile
  1324                           
  1325                           ;./I2CLIB.h: 57:   I2C_Master_Wait();
  1326  01D7  120A  118A  21FE  120A  118A  	fcall	_I2C_Master_Wait
  1327  01DC                     l1086:
  1328                           
  1329                           ;./I2CLIB.h: 58:   temp = SSPBUF;
  1330  01DC  1283               	bcf	3,5	;RP0=0, select bank0
  1331  01DD  1303               	bcf	3,6	;RP1=0, select bank0
  1332  01DE  0813               	movf	19,w	;volatile
  1333  01DF  00F5               	movwf	??_I2C_Master_Read
  1334  01E0  01F6               	clrf	??_I2C_Master_Read+1
  1335  01E1  0875               	movf	??_I2C_Master_Read,w
  1336  01E2  00A0               	movwf	I2C_Master_Read@temp
  1337  01E3  0876               	movf	??_I2C_Master_Read+1,w
  1338  01E4  00A1               	movwf	I2C_Master_Read@temp+1
  1339  01E5                     l1088:
  1340                           
  1341                           ;./I2CLIB.h: 59:   I2C_Master_Wait();
  1342  01E5  120A  118A  21FE  120A  118A  	fcall	_I2C_Master_Wait
  1343  01EA                     l1090:
  1344                           
  1345                           ;./I2CLIB.h: 60:   ACKDT = (a)?0:1;
  1346  01EA  0873               	movf	I2C_Master_Read@a,w
  1347  01EB  0474               	iorwf	I2C_Master_Read@a+1,w
  1348  01EC  1903               	btfsc	3,2
  1349  01ED  29EF               	goto	u401
  1350  01EE  29F3               	goto	u400
  1351  01EF                     u401:
  1352  01EF  1683               	bsf	3,5	;RP0=1, select bank1
  1353  01F0  1303               	bcf	3,6	;RP1=0, select bank1
  1354  01F1  1691               	bsf	17,5	;volatile
  1355  01F2  29F6               	goto	u414
  1356  01F3                     u400:
  1357  01F3  1683               	bsf	3,5	;RP0=1, select bank1
  1358  01F4  1303               	bcf	3,6	;RP1=0, select bank1
  1359  01F5  1291               	bcf	17,5	;volatile
  1360  01F6                     u414:
  1361  01F6                     l1092:
  1362                           
  1363                           ;./I2CLIB.h: 61:   ACKEN = 1;
  1364  01F6  1611               	bsf	17,4	;volatile
  1365  01F7                     l1094:
  1366                           
  1367                           ;./I2CLIB.h: 62:   return temp;
  1368  01F7  1283               	bcf	3,5	;RP0=0, select bank0
  1369  01F8  1303               	bcf	3,6	;RP1=0, select bank0
  1370  01F9  0821               	movf	I2C_Master_Read@temp+1,w
  1371  01FA  00F4               	movwf	?_I2C_Master_Read+1
  1372  01FB  0820               	movf	I2C_Master_Read@temp,w
  1373  01FC  00F3               	movwf	?_I2C_Master_Read
  1374  01FD                     l98:
  1375  01FD  0008               	return
  1376  01FE                     __end_of_I2C_Master_Read:
  1377                           
  1378                           	psect	text9
  1379  01FE                     __ptext9:	
  1380 ;; *************** function _I2C_Master_Wait *****************
  1381 ;; Defined at:
  1382 ;;		line 18 in file "./I2CLIB.h"
  1383 ;; Parameters:    Size  Location     Type
  1384 ;;		None
  1385 ;; Auto vars:     Size  Location     Type
  1386 ;;		None
  1387 ;; Return value:  Size  Location     Type
  1388 ;;                  1    wreg      void 
  1389 ;; Registers used:
  1390 ;;		wreg, status,2
  1391 ;; Tracked objects:
  1392 ;;		On entry : 0/0
  1393 ;;		On exit  : 0/0
  1394 ;;		Unchanged: 0/0
  1395 ;; Data sizes:     COMMON   BANK0   BANK1   BANK3   BANK2
  1396 ;;      Params:         0       0       0       0       0
  1397 ;;      Locals:         0       0       0       0       0
  1398 ;;      Temps:          0       0       0       0       0
  1399 ;;      Totals:         0       0       0       0       0
  1400 ;;Total ram usage:        0 bytes
  1401 ;; Hardware stack levels used:    1
  1402 ;; Hardware stack levels required when called:    1
  1403 ;; This function calls:
  1404 ;;		Nothing
  1405 ;; This function is called by:
  1406 ;;		_I2C_Master_Start
  1407 ;;		_I2C_Master_Stop
  1408 ;;		_I2C_Master_Write
  1409 ;;		_I2C_Master_Read
  1410 ;;		_I2C_Master_RepeatedStart
  1411 ;; This function uses a non-reentrant model
  1412 ;;
  1413                           
  1414                           
  1415                           ;psect for function _I2C_Master_Wait
  1416  01FE                     _I2C_Master_Wait:
  1417  01FE                     l1066:	
  1418                           ;incstack = 0
  1419                           ; Regs used in _I2C_Master_Wait: [wreg+status,2]
  1420                           
  1421  01FE                     l80:	
  1422                           ;./I2CLIB.h: 20:   while ((SSPSTAT & 0x04) || (SSPCON2 & 0x1F));
  1423                           
  1424  01FE  1683               	bsf	3,5	;RP0=1, select bank1
  1425  01FF  1303               	bcf	3,6	;RP1=0, select bank1
  1426  0200  1914               	btfsc	20,2	;volatile
  1427  0201  2A03               	goto	u381
  1428  0202  2A04               	goto	u380
  1429  0203                     u381:
  1430  0203  29FE               	goto	l80
  1431  0204                     u380:
  1432  0204                     l1068:
  1433  0204  0811               	movf	17,w	;volatile
  1434  0205  391F               	andlw	31
  1435  0206  1D03               	btfss	3,2
  1436  0207  2A09               	goto	u391
  1437  0208  2A0A               	goto	u390
  1438  0209                     u391:
  1439  0209  29FE               	goto	l80
  1440  020A                     u390:
  1441  020A                     l83:
  1442  020A  0008               	return
  1443  020B                     __end_of_I2C_Master_Wait:
  1444                           
  1445                           	psect	text10
  1446  019C                     __ptext10:	
  1447 ;; *************** function _ISR *****************
  1448 ;; Defined at:
  1449 ;;		line 89 in file "Main.c"
  1450 ;; Parameters:    Size  Location     Type
  1451 ;;		None
  1452 ;; Auto vars:     Size  Location     Type
  1453 ;;		None
  1454 ;; Return value:  Size  Location     Type
  1455 ;;                  1    wreg      void 
  1456 ;; Registers used:
  1457 ;;		wreg, status,2, status,0
  1458 ;; Tracked objects:
  1459 ;;		On entry : 0/0
  1460 ;;		On exit  : 0/0
  1461 ;;		Unchanged: 0/0
  1462 ;; Data sizes:     COMMON   BANK0   BANK1   BANK3   BANK2
  1463 ;;      Params:         0       0       0       0       0
  1464 ;;      Locals:         0       0       0       0       0
  1465 ;;      Temps:          3       0       0       0       0
  1466 ;;      Totals:         3       0       0       0       0
  1467 ;;Total ram usage:        3 bytes
  1468 ;; Hardware stack levels used:    1
  1469 ;; This function calls:
  1470 ;;		Nothing
  1471 ;; This function is called by:
  1472 ;;		Interrupt level 1
  1473 ;; This function uses a non-reentrant model
  1474 ;;
  1475                           
  1476                           
  1477                           ;psect for function _ISR
  1478  019C                     _ISR:
  1479  019C                     i1l858:
  1480                           
  1481                           ;Main.c: 90:     if (PIR1bits.RCIF == 1) {
  1482  019C  1283               	bcf	3,5	;RP0=0, select bank0
  1483  019D  1303               	bcf	3,6	;RP1=0, select bank0
  1484  019E  1E8C               	btfss	12,5	;volatile
  1485  019F  29A1               	goto	u13_21
  1486  01A0  29A2               	goto	u13_20
  1487  01A1                     u13_21:
  1488  01A1  29A7               	goto	i1l864
  1489  01A2                     u13_20:
  1490  01A2                     i1l860:
  1491                           
  1492                           ;Main.c: 91:         PIR1bits.RCIF = 0;
  1493  01A2  128C               	bcf	12,5	;volatile
  1494  01A3                     i1l862:
  1495                           
  1496                           ;Main.c: 92:         led = RCREG;
  1497  01A3  081A               	movf	26,w	;volatile
  1498  01A4  00F0               	movwf	??_ISR
  1499  01A5  0870               	movf	??_ISR,w
  1500  01A6  00F8               	movwf	_led
  1501  01A7                     i1l864:
  1502                           
  1503                           ;Main.c: 94:     if (led == 0X0A) {
  1504  01A7  300A               	movlw	10
  1505  01A8  0678               	xorwf	_led,w
  1506  01A9  1D03               	btfss	3,2
  1507  01AA  29AC               	goto	u14_21
  1508  01AB  29AD               	goto	u14_20
  1509  01AC                     u14_21:
  1510  01AC  29AF               	goto	i1l868
  1511  01AD                     u14_20:
  1512  01AD                     i1l866:
  1513                           
  1514                           ;Main.c: 95:         PORTE = 0;
  1515  01AD  0189               	clrf	9	;volatile
  1516                           
  1517                           ;Main.c: 96:     } else if (led == 0X0B) {
  1518  01AE  29C8               	goto	i1l128
  1519  01AF                     i1l868:
  1520  01AF  300B               	movlw	11
  1521  01B0  0678               	xorwf	_led,w
  1522  01B1  1D03               	btfss	3,2
  1523  01B2  29B4               	goto	u15_21
  1524  01B3  29B5               	goto	u15_20
  1525  01B4                     u15_21:
  1526  01B4  29B8               	goto	i1l872
  1527  01B5                     u15_20:
  1528  01B5                     i1l870:
  1529                           
  1530                           ;Main.c: 97:         PORTE = 1;
  1531  01B5  3001               	movlw	1
  1532  01B6  0089               	movwf	9	;volatile
  1533                           
  1534                           ;Main.c: 98:     } else if (led == 0X0C) {
  1535  01B7  29C8               	goto	i1l128
  1536  01B8                     i1l872:
  1537  01B8  300C               	movlw	12
  1538  01B9  0678               	xorwf	_led,w
  1539  01BA  1D03               	btfss	3,2
  1540  01BB  29BD               	goto	u16_21
  1541  01BC  29BE               	goto	u16_20
  1542  01BD                     u16_21:
  1543  01BD  29BF               	goto	i1l876
  1544  01BE                     u16_20:
  1545  01BE  29AD               	goto	i1l866
  1546  01BF                     i1l876:
  1547  01BF  300D               	movlw	13
  1548  01C0  0678               	xorwf	_led,w
  1549  01C1  1D03               	btfss	3,2
  1550  01C2  29C4               	goto	u17_21
  1551  01C3  29C5               	goto	u17_20
  1552  01C4                     u17_21:
  1553  01C4  29C8               	goto	i1l122
  1554  01C5                     u17_20:
  1555  01C5                     i1l878:
  1556                           
  1557                           ;Main.c: 101:         PORTE = 2;
  1558  01C5  3002               	movlw	2
  1559  01C6  0089               	movwf	9	;volatile
  1560  01C7  29C8               	goto	i1l128
  1561  01C8                     i1l122:
  1562  01C8                     i1l128:
  1563  01C8  0872               	movf	??_ISR+2,w
  1564  01C9  008A               	movwf	10
  1565  01CA  0E71               	swapf	??_ISR+1,w
  1566  01CB  0083               	movwf	3
  1567  01CC  0EFE               	swapf	btemp,f
  1568  01CD  0E7E               	swapf	btemp,w
  1569  01CE  0009               	retfie
  1570  01CF                     __end_of_ISR:
  1571  007E                     btemp	set	126	;btemp
  1572  007E                     wtemp0	set	126
  1573                           
  1574                           	psect	intentry
  1575  0004                     __pintentry:	
  1576                           ;incstack = 0
  1577                           ; Regs used in _ISR: [wreg+status,2+status,0]
  1578                           
  1579  0004                     interrupt_function:
  1580  007E                     saved_w	set	btemp
  1581  0004  00FE               	movwf	btemp
  1582  0005  0E03               	swapf	3,w
  1583  0006  00F1               	movwf	??_ISR+1
  1584  0007  080A               	movf	10,w
  1585  0008  00F2               	movwf	??_ISR+2
  1586  0009  120A  118A  299C   	ljmp	_ISR
  1587                           
  1588                           	psect	config
  1589                           
  1590                           ;Config register CONFIG1 @ 0x2007
  1591                           ;	Oscillator Selection bits
  1592                           ;	FOSC = INTRC_NOCLKOUT, INTOSCIO oscillator: I/O function on RA6/OSC2/CLKOUT pin, I/O f
      +                          unction on RA7/OSC1/CLKIN
  1593                           ;	Watchdog Timer Enable bit
  1594                           ;	WDTE = OFF, WDT disabled and can be enabled by SWDTEN bit of the WDTCON register
  1595                           ;	Power-up Timer Enable bit
  1596                           ;	PWRTE = OFF, PWRT disabled
  1597                           ;	RE3/MCLR pin function select bit
  1598                           ;	MCLRE = OFF, RE3/MCLR pin function is digital input, MCLR internally tied to VDD
  1599                           ;	Code Protection bit
  1600                           ;	CP = OFF, Program memory code protection is disabled
  1601                           ;	Data Code Protection bit
  1602                           ;	CPD = OFF, Data memory code protection is disabled
  1603                           ;	Brown Out Reset Selection bits
  1604                           ;	BOREN = OFF, BOR disabled
  1605                           ;	Internal External Switchover bit
  1606                           ;	IESO = OFF, Internal/External Switchover mode is disabled
  1607                           ;	Fail-Safe Clock Monitor Enabled bit
  1608                           ;	FCMEN = OFF, Fail-Safe Clock Monitor is disabled
  1609                           ;	Low Voltage Programming Enable bit
  1610                           ;	LVP = OFF, RB3 pin has digital I/O, HV on MCLR must be used for programming
  1611                           ;	In-Circuit Debugger Mode bit
  1612                           ;	DEBUG = 0x1, unprogrammed default
  1613  2007                     	org	8199
  1614  2007  20D4               	dw	8404
  1615                           
  1616                           ;Config register CONFIG2 @ 0x2008
  1617                           ;	Brown-out Reset Selection bit
  1618                           ;	BOR4V = BOR40V, Brown-out Reset set to 4.0V
  1619                           ;	Flash Program Memory Self Write Enable bits
  1620                           ;	WRT = OFF, Write protection off
  1621  2008                     	org	8200
  1622  2008  3FFF               	dw	16383

Data Sizes:
    Strings     0
    Constant    0
    Data        1
    BSS         3
    Persistent  0
    Stack       0

Auto Spaces:
    Space          Size  Autos    Used
    COMMON           14      8      11
    BANK0            80     20      21
    BANK1            80      0       0
    BANK3            96      0       0
    BANK2            96      0       0

Pointer List with Targets:

    None.

Critical Paths under _main in COMMON

    _setup->_I2C_Master_Init
    _I2C_Master_Init->___lldiv

Critical Paths under _ISR in COMMON

    None.

Critical Paths under _main in BANK0

    _setup->_I2C_Master_Init
    _I2C_Master_Init->___lldiv

Critical Paths under _ISR in BANK0

    None.

Critical Paths under _main in BANK1

    None.

Critical Paths under _ISR in BANK1

    None.

Critical Paths under _main in BANK3

    None.

Critical Paths under _ISR in BANK3

    None.

Critical Paths under _main in BANK2

    None.

Critical Paths under _ISR in BANK2

    None.

Call Graph Tables:

 ---------------------------------------------------------------------------------
 (Depth) Function   	        Calls       Base Space   Used Autos Params    Refs
 ---------------------------------------------------------------------------------
 (0) _main                                                 3     3      0     998
                                             17 BANK0      3     3      0
                    _I2C_Master_Read
                   _I2C_Master_Start
                    _I2C_Master_Stop
                   _I2C_Master_Write
                              _setup
 ---------------------------------------------------------------------------------
 (1) _setup                                                0     0      0     542
                    _I2C_Master_Init
                               _led1
 ---------------------------------------------------------------------------------
 (2) _led1                                                 3     3      0       0
                                              3 COMMON     3     3      0
 ---------------------------------------------------------------------------------
 (2) _I2C_Master_Init                                      8     4      4     542
                                              4 COMMON     4     4      0
                                             13 BANK0      4     0      4
                            ___lldiv
 ---------------------------------------------------------------------------------
 (3) ___lldiv                                             14     6      8     421
                                              3 COMMON     1     1      0
                                              0 BANK0     13     5      8
 ---------------------------------------------------------------------------------
 (1) _I2C_Master_Write                                     2     0      2     301
                                              3 COMMON     2     0      2
                    _I2C_Master_Wait
 ---------------------------------------------------------------------------------
 (1) _I2C_Master_Stop                                      0     0      0       0
                    _I2C_Master_Wait
 ---------------------------------------------------------------------------------
 (1) _I2C_Master_Start                                     0     0      0       0
                    _I2C_Master_Wait
 ---------------------------------------------------------------------------------
 (1) _I2C_Master_Read                                      6     4      2     155
                                              3 COMMON     4     2      2
                                              0 BANK0      2     2      0
                    _I2C_Master_Wait
 ---------------------------------------------------------------------------------
 (2) _I2C_Master_Wait                                      0     0      0       0
 ---------------------------------------------------------------------------------
 Estimated maximum stack depth 3
 ---------------------------------------------------------------------------------
 (Depth) Function   	        Calls       Base Space   Used Autos Params    Refs
 ---------------------------------------------------------------------------------
 (4) _ISR                                                  3     3      0       0
                                              0 COMMON     3     3      0
 ---------------------------------------------------------------------------------
 Estimated maximum stack depth 4
 ---------------------------------------------------------------------------------

 Call Graph Graphs:

 _main (ROOT)
   _I2C_Master_Read
     _I2C_Master_Wait
   _I2C_Master_Start
     _I2C_Master_Wait
   _I2C_Master_Stop
     _I2C_Master_Wait
   _I2C_Master_Write
     _I2C_Master_Wait
   _setup
     _I2C_Master_Init
       ___lldiv
     _led1

 _ISR (ROOT)

 Address spaces:
Name               Size   Autos  Total    Cost      Usage
BANK3               60      0       0       9        0.0%
BITBANK3            60      0       0       8        0.0%
SFR3                 0      0       0       4        0.0%
BITSFR3              0      0       0       4        0.0%
BANK2               60      0       0      11        0.0%
BITBANK2            60      0       0      10        0.0%
SFR2                 0      0       0       5        0.0%
BITSFR2              0      0       0       5        0.0%
BANK1               50      0       0       7        0.0%
BITBANK1            50      0       0       6        0.0%
SFR1                 0      0       0       2        0.0%
BITSFR1              0      0       0       2        0.0%
BANK0               50     14      15       5       26.2%
BITBANK0            50      0       0       4        0.0%
SFR0                 0      0       0       1        0.0%
BITSFR0              0      0       0       1        0.0%
COMMON               E      8       B       1       78.6%
BITCOMMON            E      0       0       0        0.0%
CODE                 0      0       0       0        0.0%
DATA                 0      0      20      12        0.0%
ABS                  0      0      20       3        0.0%
NULL                 0      0       0       0        0.0%
STACK                0      0       0       2        0.0%
EEDATA             100      0       0       0        0.0%


Microchip Technology PIC Macro Assembler V2.31 build 20201012212115 
Symbol Table                                                                                   Mon Mar 08 14:40:52 2021

                       l80 01FE                         l83 020A                         l92 021D  
                       l77 0168                         l86 0226                         l95 0214  
                       l98 01FD                        l112 019B                        l115 012E  
                      l258 00EB                        l940 0198                        l938 0169  
                      _GIE 005F                        u300 0096                        u301 0095  
                      u400 01F3                        u320 00AA                        u401 01EF  
                      u321 00A9                        u315 009B                        u340 00C5  
                      u341 00C4                        u414 01F6                        u335 00AC  
                      u360 00E3                        _PEN 048A                        u361 00E2  
                      u345 00C1                        u370 0146                        u355 00D5  
                      u427 0049                        u380 0204                        _ISR 019C  
                      u381 0203                        u437 0079                        u390 020A  
                      u391 0209                        u375 0141                        u447 016F  
                      u457 0180                        u467 0191                        _SEN 0488  
                      _led 0078                       ?_ISR 0070                       l1100 00F5  
                     l1030 0084                       l1110 010E                       l1102 00F6  
                     l1040 00B3                       l1032 0096                       l1120 011A  
                     l1112 0111                       l1104 00F7                       l1042 00C5  
                     l1034 0099                       l1050 00E3                       l1130 0125  
                     l1122 011D                       l1114 0115                       l1106 00FE  
                     l1044 00D3                       l1036 00A6                       l1060 0165  
                     l1132 0128                       l1124 0120                       l1116 0116  
                     l1108 010B                       l1070 021E                       l1046 00D4  
                     l1038 00AA                       l1062 0166                       l1054 012F  
                     l1134 0129                       l1126 0121                       l1118 0117  
                     l1150 0033                       l1142 001C                       l1072 0223  
                     l1080 0210                       l1048 00DD                       l1064 0167  
                     l1056 0133                       l1128 0124                       l1152 003C  
                     l1144 0021                       l1066 01FE                       l1090 01EA  
                     l1082 01CF                       l1074 0215                       l1058 0136  
                     l1154 0041                       l1146 0025                       l1068 0204  
                     l1092 01F6                       l1084 01D4                       l1076 021A  
                     l1156 0071                       l1148 002A                       l1094 01F7  
                     l1086 01DC                       l1078 020B                       l1088 01E5  
                     l1098 00EC                       _PEIE 005E                       _RCEN 048B  
                     _RSEN 0489                       _led1 0169                       _main 001C  
                     btemp 007E                       start 000C                      ??_ISR 0070  
         ?_I2C_Master_Init 002D           ?_I2C_Master_Read 0073           ?_I2C_Master_Wait 0070  
         ?_I2C_Master_Stop 0070                      ?_led1 0070                      ?_main 0070  
                    _ACKEN 048C                      _ACKDT 048D                      _ANSEL 0188  
          __end_of___lldiv 00EC                      i1l122 01C8                      i1l128 01C8  
                    i1l860 01A2                      i1l870 01B5                      i1l862 01A3  
                    i1l872 01B8                      i1l864 01A7                      i1l866 01AD  
                    i1l858 019C                      i1l876 01BF                      i1l868 01AF  
                    i1l878 01C5                      _RCREG 001A                      u13_20 01A2  
                    u13_21 01A1                      u14_20 01AD                      u14_21 01AC  
                    u15_20 01B5                      u15_21 01B4                      u16_20 01BE  
                    u16_21 01BD                      u17_20 01C5                      u17_21 01C4  
                    _SPBRG 0099                      _PORTB 0006                      _PORTE 0009  
                    _TRISA 0085                      _TRISB 0086                      _TRISC 0087  
                    _TRISD 0088                      _SSPIE 0463                      _TRISE 0089  
                    _SSPIF 0063                      _TXREG 0019                      _setup 00EC  
                    pclath 000A                      status 0003                      wtemp0 007E  
          __initialization 000F               __end_of_led1 019C               __end_of_main 0084  
                   ??_led1 0073                     ??_main 0031          ?_I2C_Master_Start 0070  
        ?_I2C_Master_Write 0073         ??_I2C_Master_Start 0073         ??_I2C_Master_Write 0075  
                   ?_setup 0070                     _ANSELH 0189                     _SSPADD 0093  
                   _TRISC3 043B                     _TRISC4 043C                     _SSPCON 0014  
                   _SSPBUF 0013                  ??___lldiv 0073               __pdataCOMMON 007A  
                   saved_w 007E    __end_of__initialization 0018             __pcstackCOMMON 0070  
            __end_of_setup 012F                    ??_setup 0078                 __pbssBANK0 0034  
               __pmaintext 001C                 __pintentry 0004                    _SSPCON2 0091  
                  _SSPSTAT 0094                    ___lldiv 0084                    _data_in 0079  
                  __ptext1 00EC                    __ptext2 0169                    __ptext3 012F  
                  __ptext4 0084                    __ptext5 020B                    __ptext6 0215  
                  __ptext7 021E                    __ptext8 01CF                    __ptext9 01FE  
             __size_of_ISR 0033   __size_of_I2C_Master_Init 003A   __size_of_I2C_Master_Read 002F  
 __size_of_I2C_Master_Wait 000D   __size_of_I2C_Master_Stop 0009       end_of_initialization 0018  
__size_of_I2C_Master_Start 0009  __size_of_I2C_Master_Write 000A            ___lldiv@divisor 0020  
          ___lldiv@counter 002C                  _RCSTAbits 0018           I2C_Master_Init@c 002D  
         I2C_Master_Read@a 0073                 _sensor_dir 007A                  _TRISCbits 0087  
                _TXSTAbits 0098              __pidataCOMMON 0227                _BAUDCTLbits 0187  
      start_initialization 000F                __end_of_ISR 01CF          ??_I2C_Master_Init 0074  
        ??_I2C_Master_Read 0075          ??_I2C_Master_Wait 0073          ??_I2C_Master_Stop 0073  
              __pbssCOMMON 0078                  ___latbits 0002              __pcstackBANK0 0020  
         _I2C_Master_Start 021E           _I2C_Master_Write 020B                   ?___lldiv 0020  
           __size_of_setup 0043          interrupt_function 0004                   _PIE1bits 008C  
                 _PIR1bits 000C                   _TEMP_LSB 0034        I2C_Master_Read@temp 0020  
         __size_of___lldiv 0068            _I2C_Master_Init 012F            _I2C_Master_Read 01CF  
          _I2C_Master_Wait 01FE            _I2C_Master_Stop 0215                   __ptext10 019C  
            __size_of_led1 0033              __size_of_main 0068   __end_of_I2C_Master_Start 0227  
 __end_of_I2C_Master_Write 0215                 _INTCONbits 000B                   intlevel1 0000  
         ___lldiv@dividend 0024    __end_of_I2C_Master_Init 0169    __end_of_I2C_Master_Read 01FE  
  __end_of_I2C_Master_Wait 020B    __end_of_I2C_Master_Stop 021E           ___lldiv@quotient 0028  
        I2C_Master_Write@d 0073  
